{
  "RSpec": {
    "coverage": {
      "/Users/quincogdell/ga_wdi/heroku/hash_love_app/config/environments/test.rb": [
        1,
        null,
        null,
        null,
        null,
        null,
        null,
        1,
        null,
        null,
        1,
        1,
        null,
        null,
        1,
        null,
        null,
        1,
        1,
        null,
        null,
        1,
        null,
        null,
        1,
        null,
        null,
        null,
        null,
        1,
        null,
        null,
        1,
        null,
        null,
        1,
        null
      ],
      "/Users/quincogdell/ga_wdi/heroku/hash_love_app/config/initializers/backtrace_silencers.rb": [
        null,
        null,
        null,
        null,
        null,
        null,
        null
      ],
      "/Users/quincogdell/ga_wdi/heroku/hash_love_app/config/initializers/inflections.rb": [
        null,
        null,
        null,
        null,
        null,
        null,
        null,
        null,
        null,
        null,
        null,
        null,
        null,
        null,
        null
      ],
      "/Users/quincogdell/ga_wdi/heroku/hash_love_app/config/initializers/mime_types.rb": [
        null,
        null,
        null,
        null,
        null
      ],
      "/Users/quincogdell/ga_wdi/heroku/hash_love_app/config/initializers/secret_token.rb": [
        null,
        null,
        null,
        null,
        null,
        null,
        1
      ],
      "/Users/quincogdell/ga_wdi/heroku/hash_love_app/config/initializers/session_store.rb": [
        null,
        null,
        1,
        null,
        null,
        null,
        null,
        null
      ],
      "/Users/quincogdell/ga_wdi/heroku/hash_love_app/config/initializers/wrap_parameters.rb": [
        null,
        null,
        null,
        null,
        null,
        null,
        1,
        1,
        null,
        null,
        null,
        1,
        1,
        null
      ],
      "/Users/quincogdell/ga_wdi/heroku/hash_love_app/app/controllers/application_controller.rb": [
        1,
        1,
        null
      ],
      "/Users/quincogdell/ga_wdi/heroku/hash_love_app/app/helpers/application_helper.rb": [
        1,
        null
      ],
      "/Users/quincogdell/ga_wdi/heroku/hash_love_app/app/controllers/welcome_controller.rb": [
        1,
        1,
        null,
        null,
        null
      ],
      "/Users/quincogdell/ga_wdi/heroku/hash_love_app/app/models/user.rb": [
        1,
        1,
        null,
        1,
        null,
        1,
        1,
        null,
        null,
        1,
        1,
        null,
        null,
        null,
        null,
        null
      ],
      "/Users/quincogdell/ga_wdi/heroku/hash_love_app/app/models/wink.rb": [
        1,
        1,
        1,
        null,
        null,
        null,
        null
      ],
      "/Users/quincogdell/ga_wdi/heroku/hash_love_app/config/routes.rb": [
        1,
        1,
        null,
        1,
        null,
        null,
        null
      ],
      "/Users/quincogdell/ga_wdi/heroku/hash_love_app/spec/support/database_cleaner.rb": [
        1,
        null,
        1,
        1,
        null,
        null,
        1,
        3,
        null,
        null,
        null,
        1,
        0,
        null,
        null,
        1,
        3,
        null,
        null,
        1,
        3,
        null,
        null
      ]
    },
    "timestamp": 1386368448
  }
}
